2023-12-04 15:17:56.144 [main] WARN  org.thymeleaf.templatemode.TemplateMode - [THYMELEAF][main] Unknown Template Mode 'HTML5'. Must be one of: 'HTML', 'XML', 'TEXT', 'JAVASCRIPT', 'CSS', 'RAW'. Using default Template Mode 'HTML'.
2023-12-04 15:19:00.947 [main] WARN  org.thymeleaf.templatemode.TemplateMode - [THYMELEAF][main] Unknown Template Mode 'HTML5'. Must be one of: 'HTML', 'XML', 'TEXT', 'JAVASCRIPT', 'CSS', 'RAW'. Using default Template Mode 'HTML'.
2023-12-04 15:19:03.993 [main] WARN  org.thymeleaf.templatemode.TemplateMode - [THYMELEAF][main] Unknown Template Mode 'HTML5'. Must be one of: 'HTML', 'XML', 'TEXT', 'JAVASCRIPT', 'CSS', 'RAW'. Using default Template Mode 'HTML'.
2023-12-04 15:21:22.417 [main] WARN  org.thymeleaf.templatemode.TemplateMode - [THYMELEAF][main] Unknown Template Mode 'HTML5'. Must be one of: 'HTML', 'XML', 'TEXT', 'JAVASCRIPT', 'CSS', 'RAW'. Using default Template Mode 'HTML'.
2023-12-04 15:26:32.468 [main] WARN  org.thymeleaf.templatemode.TemplateMode - [THYMELEAF][main] Unknown Template Mode 'HTML5'. Must be one of: 'HTML', 'XML', 'TEXT', 'JAVASCRIPT', 'CSS', 'RAW'. Using default Template Mode 'HTML'.
2023-12-04 15:51:58.315 [main] WARN  org.thymeleaf.templatemode.TemplateMode - [THYMELEAF][main] Unknown Template Mode 'HTML5'. Must be one of: 'HTML', 'XML', 'TEXT', 'JAVASCRIPT', 'CSS', 'RAW'. Using default Template Mode 'HTML'.
2023-12-04 15:53:13.505 [main] WARN  org.thymeleaf.templatemode.TemplateMode - [THYMELEAF][main] Unknown Template Mode 'HTML5'. Must be one of: 'HTML', 'XML', 'TEXT', 'JAVASCRIPT', 'CSS', 'RAW'. Using default Template Mode 'HTML'.
2023-12-04 16:07:11.186 [restartedMain] WARN  org.thymeleaf.templatemode.TemplateMode - [THYMELEAF][restartedMain] Unknown Template Mode 'HTML5'. Must be one of: 'HTML', 'XML', 'TEXT', 'JAVASCRIPT', 'CSS', 'RAW'. Using default Template Mode 'HTML'.
2023-12-04 16:09:29.972 [restartedMain] WARN  org.thymeleaf.templatemode.TemplateMode - [THYMELEAF][restartedMain] Unknown Template Mode 'HTML5'. Must be one of: 'HTML', 'XML', 'TEXT', 'JAVASCRIPT', 'CSS', 'RAW'. Using default Template Mode 'HTML'.
2023-12-04 16:09:51.040 [restartedMain] WARN  org.thymeleaf.templatemode.TemplateMode - [THYMELEAF][restartedMain] Unknown Template Mode 'HTML5'. Must be one of: 'HTML', 'XML', 'TEXT', 'JAVASCRIPT', 'CSS', 'RAW'. Using default Template Mode 'HTML'.
2023-12-04 16:10:31.576 [restartedMain] WARN  org.thymeleaf.templatemode.TemplateMode - [THYMELEAF][restartedMain] Unknown Template Mode 'HTML5'. Must be one of: 'HTML', 'XML', 'TEXT', 'JAVASCRIPT', 'CSS', 'RAW'. Using default Template Mode 'HTML'.
2023-12-04 16:10:54.706 [restartedMain] WARN  org.thymeleaf.templatemode.TemplateMode - [THYMELEAF][restartedMain] Unknown Template Mode 'HTML5'. Must be one of: 'HTML', 'XML', 'TEXT', 'JAVASCRIPT', 'CSS', 'RAW'. Using default Template Mode 'HTML'.
2023-12-04 16:11:08.656 [restartedMain] WARN  org.thymeleaf.templatemode.TemplateMode - [THYMELEAF][restartedMain] Unknown Template Mode 'HTML5'. Must be one of: 'HTML', 'XML', 'TEXT', 'JAVASCRIPT', 'CSS', 'RAW'. Using default Template Mode 'HTML'.
2023-12-04 16:11:20.562 [restartedMain] WARN  org.thymeleaf.templatemode.TemplateMode - [THYMELEAF][restartedMain] Unknown Template Mode 'HTML5'. Must be one of: 'HTML', 'XML', 'TEXT', 'JAVASCRIPT', 'CSS', 'RAW'. Using default Template Mode 'HTML'.
2023-12-04 16:11:30.416 [restartedMain] WARN  org.thymeleaf.templatemode.TemplateMode - [THYMELEAF][restartedMain] Unknown Template Mode 'HTML5'. Must be one of: 'HTML', 'XML', 'TEXT', 'JAVASCRIPT', 'CSS', 'RAW'. Using default Template Mode 'HTML'.
2023-12-04 16:12:21.099 [restartedMain] WARN  org.thymeleaf.templatemode.TemplateMode - [THYMELEAF][restartedMain] Unknown Template Mode 'HTML5'. Must be one of: 'HTML', 'XML', 'TEXT', 'JAVASCRIPT', 'CSS', 'RAW'. Using default Template Mode 'HTML'.
2023-12-04 16:12:28.864 [restartedMain] WARN  org.thymeleaf.templatemode.TemplateMode - [THYMELEAF][restartedMain] Unknown Template Mode 'HTML5'. Must be one of: 'HTML', 'XML', 'TEXT', 'JAVASCRIPT', 'CSS', 'RAW'. Using default Template Mode 'HTML'.
2023-12-04 16:12:39.756 [restartedMain] WARN  org.thymeleaf.templatemode.TemplateMode - [THYMELEAF][restartedMain] Unknown Template Mode 'HTML5'. Must be one of: 'HTML', 'XML', 'TEXT', 'JAVASCRIPT', 'CSS', 'RAW'. Using default Template Mode 'HTML'.
2023-12-04 16:13:13.078 [restartedMain] WARN  org.thymeleaf.templatemode.TemplateMode - [THYMELEAF][restartedMain] Unknown Template Mode 'HTML5'. Must be one of: 'HTML', 'XML', 'TEXT', 'JAVASCRIPT', 'CSS', 'RAW'. Using default Template Mode 'HTML'.
2023-12-04 16:13:29.045 [restartedMain] WARN  org.thymeleaf.templatemode.TemplateMode - [THYMELEAF][restartedMain] Unknown Template Mode 'HTML5'. Must be one of: 'HTML', 'XML', 'TEXT', 'JAVASCRIPT', 'CSS', 'RAW'. Using default Template Mode 'HTML'.
2023-12-04 16:13:42.984 [restartedMain] WARN  org.thymeleaf.templatemode.TemplateMode - [THYMELEAF][restartedMain] Unknown Template Mode 'HTML5'. Must be one of: 'HTML', 'XML', 'TEXT', 'JAVASCRIPT', 'CSS', 'RAW'. Using default Template Mode 'HTML'.
2023-12-04 16:15:00.246 [restartedMain] WARN  org.thymeleaf.templatemode.TemplateMode - [THYMELEAF][restartedMain] Unknown Template Mode 'HTML5'. Must be one of: 'HTML', 'XML', 'TEXT', 'JAVASCRIPT', 'CSS', 'RAW'. Using default Template Mode 'HTML'.
2023-12-04 16:15:10.106 [restartedMain] WARN  org.thymeleaf.templatemode.TemplateMode - [THYMELEAF][restartedMain] Unknown Template Mode 'HTML5'. Must be one of: 'HTML', 'XML', 'TEXT', 'JAVASCRIPT', 'CSS', 'RAW'. Using default Template Mode 'HTML'.
2023-12-04 16:15:20.026 [restartedMain] WARN  org.thymeleaf.templatemode.TemplateMode - [THYMELEAF][restartedMain] Unknown Template Mode 'HTML5'. Must be one of: 'HTML', 'XML', 'TEXT', 'JAVASCRIPT', 'CSS', 'RAW'. Using default Template Mode 'HTML'.
2023-12-04 16:16:15.843 [restartedMain] WARN  org.thymeleaf.templatemode.TemplateMode - [THYMELEAF][restartedMain] Unknown Template Mode 'HTML5'. Must be one of: 'HTML', 'XML', 'TEXT', 'JAVASCRIPT', 'CSS', 'RAW'. Using default Template Mode 'HTML'.
2023-12-04 16:17:17.796 [restartedMain] WARN  org.thymeleaf.templatemode.TemplateMode - [THYMELEAF][restartedMain] Unknown Template Mode 'HTML5'. Must be one of: 'HTML', 'XML', 'TEXT', 'JAVASCRIPT', 'CSS', 'RAW'. Using default Template Mode 'HTML'.
2023-12-04 16:19:11.898 [restartedMain] WARN  org.thymeleaf.templatemode.TemplateMode - [THYMELEAF][restartedMain] Unknown Template Mode 'HTML5'. Must be one of: 'HTML', 'XML', 'TEXT', 'JAVASCRIPT', 'CSS', 'RAW'. Using default Template Mode 'HTML'.
2023-12-04 16:19:31.958 [restartedMain] WARN  org.thymeleaf.templatemode.TemplateMode - [THYMELEAF][restartedMain] Unknown Template Mode 'HTML5'. Must be one of: 'HTML', 'XML', 'TEXT', 'JAVASCRIPT', 'CSS', 'RAW'. Using default Template Mode 'HTML'.
2023-12-04 16:19:45.897 [restartedMain] WARN  org.thymeleaf.templatemode.TemplateMode - [THYMELEAF][restartedMain] Unknown Template Mode 'HTML5'. Must be one of: 'HTML', 'XML', 'TEXT', 'JAVASCRIPT', 'CSS', 'RAW'. Using default Template Mode 'HTML'.
2023-12-04 16:20:04.906 [restartedMain] WARN  org.thymeleaf.templatemode.TemplateMode - [THYMELEAF][restartedMain] Unknown Template Mode 'HTML5'. Must be one of: 'HTML', 'XML', 'TEXT', 'JAVASCRIPT', 'CSS', 'RAW'. Using default Template Mode 'HTML'.
2023-12-04 16:20:16.764 [restartedMain] WARN  org.thymeleaf.templatemode.TemplateMode - [THYMELEAF][restartedMain] Unknown Template Mode 'HTML5'. Must be one of: 'HTML', 'XML', 'TEXT', 'JAVASCRIPT', 'CSS', 'RAW'. Using default Template Mode 'HTML'.
2023-12-04 16:20:33.723 [restartedMain] WARN  org.thymeleaf.templatemode.TemplateMode - [THYMELEAF][restartedMain] Unknown Template Mode 'HTML5'. Must be one of: 'HTML', 'XML', 'TEXT', 'JAVASCRIPT', 'CSS', 'RAW'. Using default Template Mode 'HTML'.
2023-12-04 16:20:47.640 [restartedMain] WARN  org.thymeleaf.templatemode.TemplateMode - [THYMELEAF][restartedMain] Unknown Template Mode 'HTML5'. Must be one of: 'HTML', 'XML', 'TEXT', 'JAVASCRIPT', 'CSS', 'RAW'. Using default Template Mode 'HTML'.
2023-12-04 16:20:58.492 [restartedMain] WARN  org.thymeleaf.templatemode.TemplateMode - [THYMELEAF][restartedMain] Unknown Template Mode 'HTML5'. Must be one of: 'HTML', 'XML', 'TEXT', 'JAVASCRIPT', 'CSS', 'RAW'. Using default Template Mode 'HTML'.
2023-12-04 16:21:48.070 [restartedMain] WARN  org.thymeleaf.templatemode.TemplateMode - [THYMELEAF][restartedMain] Unknown Template Mode 'HTML5'. Must be one of: 'HTML', 'XML', 'TEXT', 'JAVASCRIPT', 'CSS', 'RAW'. Using default Template Mode 'HTML'.
2023-12-04 16:22:17.202 [restartedMain] WARN  org.thymeleaf.templatemode.TemplateMode - [THYMELEAF][restartedMain] Unknown Template Mode 'HTML5'. Must be one of: 'HTML', 'XML', 'TEXT', 'JAVASCRIPT', 'CSS', 'RAW'. Using default Template Mode 'HTML'.
2023-12-04 16:23:16.849 [restartedMain] WARN  org.thymeleaf.templatemode.TemplateMode - [THYMELEAF][restartedMain] Unknown Template Mode 'HTML5'. Must be one of: 'HTML', 'XML', 'TEXT', 'JAVASCRIPT', 'CSS', 'RAW'. Using default Template Mode 'HTML'.
2023-12-04 16:24:43.324 [restartedMain] WARN  org.thymeleaf.templatemode.TemplateMode - [THYMELEAF][restartedMain] Unknown Template Mode 'HTML5'. Must be one of: 'HTML', 'XML', 'TEXT', 'JAVASCRIPT', 'CSS', 'RAW'. Using default Template Mode 'HTML'.
2023-12-04 16:27:49.889 [restartedMain] WARN  org.thymeleaf.templatemode.TemplateMode - [THYMELEAF][restartedMain] Unknown Template Mode 'HTML5'. Must be one of: 'HTML', 'XML', 'TEXT', 'JAVASCRIPT', 'CSS', 'RAW'. Using default Template Mode 'HTML'.
2023-12-04 16:28:48.767 [restartedMain] WARN  org.thymeleaf.templatemode.TemplateMode - [THYMELEAF][restartedMain] Unknown Template Mode 'HTML5'. Must be one of: 'HTML', 'XML', 'TEXT', 'JAVASCRIPT', 'CSS', 'RAW'. Using default Template Mode 'HTML'.
2023-12-04 16:29:06.800 [restartedMain] WARN  org.thymeleaf.templatemode.TemplateMode - [THYMELEAF][restartedMain] Unknown Template Mode 'HTML5'. Must be one of: 'HTML', 'XML', 'TEXT', 'JAVASCRIPT', 'CSS', 'RAW'. Using default Template Mode 'HTML'.
2023-12-04 16:29:25.747 [restartedMain] WARN  org.thymeleaf.templatemode.TemplateMode - [THYMELEAF][restartedMain] Unknown Template Mode 'HTML5'. Must be one of: 'HTML', 'XML', 'TEXT', 'JAVASCRIPT', 'CSS', 'RAW'. Using default Template Mode 'HTML'.
2023-12-04 16:29:32.511 [restartedMain] WARN  org.thymeleaf.templatemode.TemplateMode - [THYMELEAF][restartedMain] Unknown Template Mode 'HTML5'. Must be one of: 'HTML', 'XML', 'TEXT', 'JAVASCRIPT', 'CSS', 'RAW'. Using default Template Mode 'HTML'.
2023-12-04 16:29:55.646 [restartedMain] WARN  org.thymeleaf.templatemode.TemplateMode - [THYMELEAF][restartedMain] Unknown Template Mode 'HTML5'. Must be one of: 'HTML', 'XML', 'TEXT', 'JAVASCRIPT', 'CSS', 'RAW'. Using default Template Mode 'HTML'.
2023-12-04 16:31:37.398 [restartedMain] WARN  org.thymeleaf.templatemode.TemplateMode - [THYMELEAF][restartedMain] Unknown Template Mode 'HTML5'. Must be one of: 'HTML', 'XML', 'TEXT', 'JAVASCRIPT', 'CSS', 'RAW'. Using default Template Mode 'HTML'.
2023-12-04 16:32:01.474 [restartedMain] WARN  org.thymeleaf.templatemode.TemplateMode - [THYMELEAF][restartedMain] Unknown Template Mode 'HTML5'. Must be one of: 'HTML', 'XML', 'TEXT', 'JAVASCRIPT', 'CSS', 'RAW'. Using default Template Mode 'HTML'.
2023-12-04 16:32:54.279 [restartedMain] WARN  org.thymeleaf.templatemode.TemplateMode - [THYMELEAF][restartedMain] Unknown Template Mode 'HTML5'. Must be one of: 'HTML', 'XML', 'TEXT', 'JAVASCRIPT', 'CSS', 'RAW'. Using default Template Mode 'HTML'.
2023-12-04 16:33:07.143 [restartedMain] WARN  org.thymeleaf.templatemode.TemplateMode - [THYMELEAF][restartedMain] Unknown Template Mode 'HTML5'. Must be one of: 'HTML', 'XML', 'TEXT', 'JAVASCRIPT', 'CSS', 'RAW'. Using default Template Mode 'HTML'.
2023-12-04 16:33:16.952 [restartedMain] WARN  org.thymeleaf.templatemode.TemplateMode - [THYMELEAF][restartedMain] Unknown Template Mode 'HTML5'. Must be one of: 'HTML', 'XML', 'TEXT', 'JAVASCRIPT', 'CSS', 'RAW'. Using default Template Mode 'HTML'.
2023-12-04 16:33:43.082 [restartedMain] WARN  org.thymeleaf.templatemode.TemplateMode - [THYMELEAF][restartedMain] Unknown Template Mode 'HTML5'. Must be one of: 'HTML', 'XML', 'TEXT', 'JAVASCRIPT', 'CSS', 'RAW'. Using default Template Mode 'HTML'.
2023-12-04 16:34:02.119 [restartedMain] WARN  org.thymeleaf.templatemode.TemplateMode - [THYMELEAF][restartedMain] Unknown Template Mode 'HTML5'. Must be one of: 'HTML', 'XML', 'TEXT', 'JAVASCRIPT', 'CSS', 'RAW'. Using default Template Mode 'HTML'.
2023-12-04 16:35:16.165 [restartedMain] WARN  org.thymeleaf.templatemode.TemplateMode - [THYMELEAF][restartedMain] Unknown Template Mode 'HTML5'. Must be one of: 'HTML', 'XML', 'TEXT', 'JAVASCRIPT', 'CSS', 'RAW'. Using default Template Mode 'HTML'.
2023-12-04 16:35:37.191 [restartedMain] WARN  org.thymeleaf.templatemode.TemplateMode - [THYMELEAF][restartedMain] Unknown Template Mode 'HTML5'. Must be one of: 'HTML', 'XML', 'TEXT', 'JAVASCRIPT', 'CSS', 'RAW'. Using default Template Mode 'HTML'.
2023-12-04 16:37:38.298 [restartedMain] WARN  org.thymeleaf.templatemode.TemplateMode - [THYMELEAF][restartedMain] Unknown Template Mode 'HTML5'. Must be one of: 'HTML', 'XML', 'TEXT', 'JAVASCRIPT', 'CSS', 'RAW'. Using default Template Mode 'HTML'.
2023-12-04 16:38:02.455 [restartedMain] WARN  org.thymeleaf.templatemode.TemplateMode - [THYMELEAF][restartedMain] Unknown Template Mode 'HTML5'. Must be one of: 'HTML', 'XML', 'TEXT', 'JAVASCRIPT', 'CSS', 'RAW'. Using default Template Mode 'HTML'.
2023-12-04 16:38:15.344 [restartedMain] WARN  org.thymeleaf.templatemode.TemplateMode - [THYMELEAF][restartedMain] Unknown Template Mode 'HTML5'. Must be one of: 'HTML', 'XML', 'TEXT', 'JAVASCRIPT', 'CSS', 'RAW'. Using default Template Mode 'HTML'.
2023-12-04 16:38:45.649 [restartedMain] WARN  org.thymeleaf.templatemode.TemplateMode - [THYMELEAF][restartedMain] Unknown Template Mode 'HTML5'. Must be one of: 'HTML', 'XML', 'TEXT', 'JAVASCRIPT', 'CSS', 'RAW'. Using default Template Mode 'HTML'.
2023-12-04 16:39:21.003 [restartedMain] WARN  org.thymeleaf.templatemode.TemplateMode - [THYMELEAF][restartedMain] Unknown Template Mode 'HTML5'. Must be one of: 'HTML', 'XML', 'TEXT', 'JAVASCRIPT', 'CSS', 'RAW'. Using default Template Mode 'HTML'.
2023-12-04 16:39:28.797 [restartedMain] WARN  org.thymeleaf.templatemode.TemplateMode - [THYMELEAF][restartedMain] Unknown Template Mode 'HTML5'. Must be one of: 'HTML', 'XML', 'TEXT', 'JAVASCRIPT', 'CSS', 'RAW'. Using default Template Mode 'HTML'.
2023-12-04 16:39:30.445 [restartedMain] WARN  org.thymeleaf.templatemode.TemplateMode - [THYMELEAF][restartedMain] Unknown Template Mode 'HTML5'. Must be one of: 'HTML', 'XML', 'TEXT', 'JAVASCRIPT', 'CSS', 'RAW'. Using default Template Mode 'HTML'.
2023-12-04 16:39:38.203 [restartedMain] WARN  org.thymeleaf.templatemode.TemplateMode - [THYMELEAF][restartedMain] Unknown Template Mode 'HTML5'. Must be one of: 'HTML', 'XML', 'TEXT', 'JAVASCRIPT', 'CSS', 'RAW'. Using default Template Mode 'HTML'.
2023-12-04 16:40:16.544 [restartedMain] WARN  org.thymeleaf.templatemode.TemplateMode - [THYMELEAF][restartedMain] Unknown Template Mode 'HTML5'. Must be one of: 'HTML', 'XML', 'TEXT', 'JAVASCRIPT', 'CSS', 'RAW'. Using default Template Mode 'HTML'.
2023-12-04 16:40:19.215 [restartedMain] WARN  org.thymeleaf.templatemode.TemplateMode - [THYMELEAF][restartedMain] Unknown Template Mode 'HTML5'. Must be one of: 'HTML', 'XML', 'TEXT', 'JAVASCRIPT', 'CSS', 'RAW'. Using default Template Mode 'HTML'.
2023-12-04 16:41:34.299 [restartedMain] WARN  org.thymeleaf.templatemode.TemplateMode - [THYMELEAF][restartedMain] Unknown Template Mode 'HTML5'. Must be one of: 'HTML', 'XML', 'TEXT', 'JAVASCRIPT', 'CSS', 'RAW'. Using default Template Mode 'HTML'.
2023-12-04 16:41:51.249 [restartedMain] WARN  org.thymeleaf.templatemode.TemplateMode - [THYMELEAF][restartedMain] Unknown Template Mode 'HTML5'. Must be one of: 'HTML', 'XML', 'TEXT', 'JAVASCRIPT', 'CSS', 'RAW'. Using default Template Mode 'HTML'.
2023-12-04 16:41:53.770 [restartedMain] WARN  o.s.b.w.s.c.AnnotationConfigServletWebServerApplicationContext - Exception encountered during context initialization - cancelling refresh attempt: org.springframework.beans.factory.BeanDefinitionStoreException: Failed to parse configuration class [com.evaluationSystem.EvaluationSystemApplication]
2023-12-04 16:42:29.438 [restartedMain] WARN  org.thymeleaf.templatemode.TemplateMode - [THYMELEAF][restartedMain] Unknown Template Mode 'HTML5'. Must be one of: 'HTML', 'XML', 'TEXT', 'JAVASCRIPT', 'CSS', 'RAW'. Using default Template Mode 'HTML'.
2023-12-04 16:43:24.081 [restartedMain] WARN  org.thymeleaf.templatemode.TemplateMode - [THYMELEAF][restartedMain] Unknown Template Mode 'HTML5'. Must be one of: 'HTML', 'XML', 'TEXT', 'JAVASCRIPT', 'CSS', 'RAW'. Using default Template Mode 'HTML'.
2023-12-04 16:43:33.849 [restartedMain] WARN  org.mybatis.spring.mapper.ClassPathMapperScanner - No MyBatis mapper was found in '[com.evaluationSystem]' package. Please check your configuration.
2023-12-04 16:43:33.908 [restartedMain] WARN  org.thymeleaf.templatemode.TemplateMode - [THYMELEAF][restartedMain] Unknown Template Mode 'HTML5'. Must be one of: 'HTML', 'XML', 'TEXT', 'JAVASCRIPT', 'CSS', 'RAW'. Using default Template Mode 'HTML'.
2023-12-04 16:43:33.924 [restartedMain] WARN  o.s.b.w.s.c.AnnotationConfigServletWebServerApplicationContext - Exception encountered during context initialization - cancelling refresh attempt: org.springframework.beans.factory.BeanCreationException: Error creating bean with name 'sqlSessionFactory' defined in class path resource [com/baomidou/mybatisplus/autoconfigure/MybatisPlusAutoConfiguration.class]: Failed to instantiate [org.apache.ibatis.session.SqlSessionFactory]: Factory method 'sqlSessionFactory' threw exception with message: Failed to parse mapping resource: 'file [E:\代码\EvaluationSystem\target\classes\mapper\AdminMapper.xml]'
2023-12-04 16:43:41.605 [restartedMain] WARN  org.mybatis.spring.mapper.ClassPathMapperScanner - No MyBatis mapper was found in '[com.evaluationSystem]' package. Please check your configuration.
2023-12-04 16:43:41.674 [restartedMain] WARN  org.thymeleaf.templatemode.TemplateMode - [THYMELEAF][restartedMain] Unknown Template Mode 'HTML5'. Must be one of: 'HTML', 'XML', 'TEXT', 'JAVASCRIPT', 'CSS', 'RAW'. Using default Template Mode 'HTML'.
2023-12-04 16:43:41.692 [restartedMain] WARN  o.s.b.w.s.c.AnnotationConfigServletWebServerApplicationContext - Exception encountered during context initialization - cancelling refresh attempt: org.springframework.beans.factory.BeanCreationException: Error creating bean with name 'sqlSessionFactory' defined in class path resource [com/baomidou/mybatisplus/autoconfigure/MybatisPlusAutoConfiguration.class]: Failed to instantiate [org.apache.ibatis.session.SqlSessionFactory]: Factory method 'sqlSessionFactory' threw exception with message: Failed to parse mapping resource: 'file [E:\代码\EvaluationSystem\target\classes\mapper\AdminMapper.xml]'
2023-12-04 16:43:46.279 [restartedMain] WARN  org.mybatis.spring.mapper.ClassPathMapperScanner - No MyBatis mapper was found in '[com.evaluationSystem]' package. Please check your configuration.
2023-12-04 16:43:46.335 [restartedMain] WARN  org.thymeleaf.templatemode.TemplateMode - [THYMELEAF][restartedMain] Unknown Template Mode 'HTML5'. Must be one of: 'HTML', 'XML', 'TEXT', 'JAVASCRIPT', 'CSS', 'RAW'. Using default Template Mode 'HTML'.
2023-12-04 16:43:46.351 [restartedMain] WARN  o.s.b.w.s.c.AnnotationConfigServletWebServerApplicationContext - Exception encountered during context initialization - cancelling refresh attempt: org.springframework.beans.factory.BeanCreationException: Error creating bean with name 'sqlSessionFactory' defined in class path resource [com/baomidou/mybatisplus/autoconfigure/MybatisPlusAutoConfiguration.class]: Failed to instantiate [org.apache.ibatis.session.SqlSessionFactory]: Factory method 'sqlSessionFactory' threw exception with message: Failed to parse mapping resource: 'file [E:\代码\EvaluationSystem\target\classes\mapper\AdminMapper.xml]'
2023-12-04 16:44:09.299 [restartedMain] WARN  org.mybatis.spring.mapper.ClassPathMapperScanner - No MyBatis mapper was found in '[com.evaluationSystem]' package. Please check your configuration.
2023-12-04 16:44:09.364 [restartedMain] WARN  org.thymeleaf.templatemode.TemplateMode - [THYMELEAF][restartedMain] Unknown Template Mode 'HTML5'. Must be one of: 'HTML', 'XML', 'TEXT', 'JAVASCRIPT', 'CSS', 'RAW'. Using default Template Mode 'HTML'.
2023-12-04 16:44:09.379 [restartedMain] WARN  o.s.b.w.s.c.AnnotationConfigServletWebServerApplicationContext - Exception encountered during context initialization - cancelling refresh attempt: org.springframework.beans.factory.BeanCreationException: Error creating bean with name 'sqlSessionFactory' defined in class path resource [com/baomidou/mybatisplus/autoconfigure/MybatisPlusAutoConfiguration.class]: Failed to instantiate [org.apache.ibatis.session.SqlSessionFactory]: Factory method 'sqlSessionFactory' threw exception with message: Failed to parse mapping resource: 'file [E:\代码\EvaluationSystem\target\classes\mapper\AdminMapper.xml]'
2023-12-04 16:44:40.534 [restartedMain] WARN  org.mybatis.spring.mapper.ClassPathMapperScanner - No MyBatis mapper was found in '[com.evaluationSystem]' package. Please check your configuration.
2023-12-04 16:44:40.582 [restartedMain] WARN  org.thymeleaf.templatemode.TemplateMode - [THYMELEAF][restartedMain] Unknown Template Mode 'HTML5'. Must be one of: 'HTML', 'XML', 'TEXT', 'JAVASCRIPT', 'CSS', 'RAW'. Using default Template Mode 'HTML'.
2023-12-04 16:44:40.596 [restartedMain] WARN  o.s.b.w.s.c.AnnotationConfigServletWebServerApplicationContext - Exception encountered during context initialization - cancelling refresh attempt: org.springframework.beans.factory.BeanCreationException: Error creating bean with name 'sqlSessionFactory' defined in class path resource [com/baomidou/mybatisplus/autoconfigure/MybatisPlusAutoConfiguration.class]: Failed to instantiate [org.apache.ibatis.session.SqlSessionFactory]: Factory method 'sqlSessionFactory' threw exception with message: Failed to parse mapping resource: 'file [E:\代码\EvaluationSystem\target\classes\mapper\AdminMapper.xml]'
2023-12-04 16:44:57.826 [restartedMain] WARN  org.mybatis.spring.mapper.ClassPathMapperScanner - No MyBatis mapper was found in '[com.evaluationSystem]' package. Please check your configuration.
2023-12-04 16:44:57.876 [restartedMain] WARN  org.thymeleaf.templatemode.TemplateMode - [THYMELEAF][restartedMain] Unknown Template Mode 'HTML5'. Must be one of: 'HTML', 'XML', 'TEXT', 'JAVASCRIPT', 'CSS', 'RAW'. Using default Template Mode 'HTML'.
2023-12-04 16:44:57.893 [restartedMain] WARN  o.s.b.w.s.c.AnnotationConfigServletWebServerApplicationContext - Exception encountered during context initialization - cancelling refresh attempt: org.springframework.beans.factory.BeanCreationException: Error creating bean with name 'sqlSessionFactory' defined in class path resource [com/baomidou/mybatisplus/autoconfigure/MybatisPlusAutoConfiguration.class]: Failed to instantiate [org.apache.ibatis.session.SqlSessionFactory]: Factory method 'sqlSessionFactory' threw exception with message: Failed to parse mapping resource: 'file [E:\代码\EvaluationSystem\target\classes\mapper\AdminMapper.xml]'
2023-12-04 16:49:27.895 [restartedMain] WARN  org.mybatis.spring.mapper.ClassPathMapperScanner - No MyBatis mapper was found in '[com.evaluationSystem]' package. Please check your configuration.
2023-12-04 16:49:27.956 [restartedMain] WARN  org.thymeleaf.templatemode.TemplateMode - [THYMELEAF][restartedMain] Unknown Template Mode 'HTML5'. Must be one of: 'HTML', 'XML', 'TEXT', 'JAVASCRIPT', 'CSS', 'RAW'. Using default Template Mode 'HTML'.
2023-12-04 16:49:27.971 [restartedMain] WARN  o.s.b.w.s.c.AnnotationConfigServletWebServerApplicationContext - Exception encountered during context initialization - cancelling refresh attempt: org.springframework.beans.factory.BeanCreationException: Error creating bean with name 'sqlSessionFactory' defined in class path resource [com/baomidou/mybatisplus/autoconfigure/MybatisPlusAutoConfiguration.class]: Failed to instantiate [org.apache.ibatis.session.SqlSessionFactory]: Factory method 'sqlSessionFactory' threw exception with message: Failed to parse mapping resource: 'file [E:\代码\EvaluationSystem\target\classes\mapper\AdminMapper.xml]'
2023-12-04 16:49:29.486 [restartedMain] WARN  org.mybatis.spring.mapper.ClassPathMapperScanner - No MyBatis mapper was found in '[com.evaluationSystem]' package. Please check your configuration.
2023-12-04 16:49:29.536 [restartedMain] WARN  org.thymeleaf.templatemode.TemplateMode - [THYMELEAF][restartedMain] Unknown Template Mode 'HTML5'. Must be one of: 'HTML', 'XML', 'TEXT', 'JAVASCRIPT', 'CSS', 'RAW'. Using default Template Mode 'HTML'.
2023-12-04 16:49:29.551 [restartedMain] WARN  o.s.b.w.s.c.AnnotationConfigServletWebServerApplicationContext - Exception encountered during context initialization - cancelling refresh attempt: org.springframework.beans.factory.BeanCreationException: Error creating bean with name 'sqlSessionFactory' defined in class path resource [com/baomidou/mybatisplus/autoconfigure/MybatisPlusAutoConfiguration.class]: Failed to instantiate [org.apache.ibatis.session.SqlSessionFactory]: Factory method 'sqlSessionFactory' threw exception with message: Failed to parse mapping resource: 'file [E:\代码\EvaluationSystem\target\classes\mapper\AdminMapper.xml]'
2023-12-04 16:49:55.656 [restartedMain] WARN  org.mybatis.spring.mapper.ClassPathMapperScanner - No MyBatis mapper was found in '[com.evaluationSystem]' package. Please check your configuration.
2023-12-04 16:49:55.714 [restartedMain] WARN  org.thymeleaf.templatemode.TemplateMode - [THYMELEAF][restartedMain] Unknown Template Mode 'HTML5'. Must be one of: 'HTML', 'XML', 'TEXT', 'JAVASCRIPT', 'CSS', 'RAW'. Using default Template Mode 'HTML'.
2023-12-04 16:49:55.729 [restartedMain] WARN  o.s.b.w.s.c.AnnotationConfigServletWebServerApplicationContext - Exception encountered during context initialization - cancelling refresh attempt: org.springframework.beans.factory.BeanCreationException: Error creating bean with name 'sqlSessionFactory' defined in class path resource [com/baomidou/mybatisplus/autoconfigure/MybatisPlusAutoConfiguration.class]: Failed to instantiate [org.apache.ibatis.session.SqlSessionFactory]: Factory method 'sqlSessionFactory' threw exception with message: Failed to parse mapping resource: 'file [E:\代码\EvaluationSystem\target\classes\mapper\AdminMapper.xml]'
2023-12-04 16:50:36.069 [restartedMain] WARN  org.mybatis.spring.mapper.ClassPathMapperScanner - No MyBatis mapper was found in '[com.evaluationSystem]' package. Please check your configuration.
2023-12-04 16:50:36.116 [restartedMain] WARN  org.thymeleaf.templatemode.TemplateMode - [THYMELEAF][restartedMain] Unknown Template Mode 'HTML5'. Must be one of: 'HTML', 'XML', 'TEXT', 'JAVASCRIPT', 'CSS', 'RAW'. Using default Template Mode 'HTML'.
2023-12-04 16:50:36.131 [restartedMain] WARN  o.s.b.w.s.c.AnnotationConfigServletWebServerApplicationContext - Exception encountered during context initialization - cancelling refresh attempt: org.springframework.beans.factory.BeanCreationException: Error creating bean with name 'sqlSessionFactory' defined in class path resource [com/baomidou/mybatisplus/autoconfigure/MybatisPlusAutoConfiguration.class]: Failed to instantiate [org.apache.ibatis.session.SqlSessionFactory]: Factory method 'sqlSessionFactory' threw exception with message: Failed to parse mapping resource: 'file [E:\代码\EvaluationSystem\target\classes\mapper\AdminMapper.xml]'
2023-12-04 16:52:07.614 [restartedMain] WARN  org.mybatis.spring.mapper.ClassPathMapperScanner - No MyBatis mapper was found in '[com.evaluationSystem]' package. Please check your configuration.
2023-12-04 16:52:07.764 [restartedMain] WARN  org.thymeleaf.templatemode.TemplateMode - [THYMELEAF][restartedMain] Unknown Template Mode 'HTML5'. Must be one of: 'HTML', 'XML', 'TEXT', 'JAVASCRIPT', 'CSS', 'RAW'. Using default Template Mode 'HTML'.
2023-12-04 16:52:07.799 [restartedMain] WARN  o.s.b.w.s.c.AnnotationConfigServletWebServerApplicationContext - Exception encountered during context initialization - cancelling refresh attempt: org.springframework.beans.factory.BeanCreationException: Error creating bean with name 'sqlSessionFactory' defined in class path resource [com/baomidou/mybatisplus/autoconfigure/MybatisPlusAutoConfiguration.class]: Failed to instantiate [org.apache.ibatis.session.SqlSessionFactory]: Factory method 'sqlSessionFactory' threw exception with message: Failed to parse mapping resource: 'file [E:\代码\EvaluationSystem\target\classes\mapper\AdminMapper.xml]'
2023-12-04 16:53:17.773 [restartedMain] WARN  org.mybatis.spring.mapper.ClassPathMapperScanner - No MyBatis mapper was found in '[com.evaluationSystem]' package. Please check your configuration.
2023-12-04 16:53:17.822 [restartedMain] WARN  org.thymeleaf.templatemode.TemplateMode - [THYMELEAF][restartedMain] Unknown Template Mode 'HTML5'. Must be one of: 'HTML', 'XML', 'TEXT', 'JAVASCRIPT', 'CSS', 'RAW'. Using default Template Mode 'HTML'.
2023-12-04 16:53:17.837 [restartedMain] WARN  o.s.b.w.s.c.AnnotationConfigServletWebServerApplicationContext - Exception encountered during context initialization - cancelling refresh attempt: org.springframework.beans.factory.BeanCreationException: Error creating bean with name 'sqlSessionFactory' defined in class path resource [com/baomidou/mybatisplus/autoconfigure/MybatisPlusAutoConfiguration.class]: Failed to instantiate [org.apache.ibatis.session.SqlSessionFactory]: Factory method 'sqlSessionFactory' threw exception with message: Failed to parse mapping resource: 'file [E:\代码\EvaluationSystem\target\classes\mapper\AdminMapper.xml]'
2023-12-04 16:53:58.086 [restartedMain] WARN  org.mybatis.spring.mapper.ClassPathMapperScanner - No MyBatis mapper was found in '[com.evaluationSystem]' package. Please check your configuration.
2023-12-04 16:53:58.134 [restartedMain] WARN  org.thymeleaf.templatemode.TemplateMode - [THYMELEAF][restartedMain] Unknown Template Mode 'HTML5'. Must be one of: 'HTML', 'XML', 'TEXT', 'JAVASCRIPT', 'CSS', 'RAW'. Using default Template Mode 'HTML'.
2023-12-04 16:53:58.149 [restartedMain] WARN  o.s.b.w.s.c.AnnotationConfigServletWebServerApplicationContext - Exception encountered during context initialization - cancelling refresh attempt: org.springframework.beans.factory.BeanCreationException: Error creating bean with name 'sqlSessionFactory' defined in class path resource [com/baomidou/mybatisplus/autoconfigure/MybatisPlusAutoConfiguration.class]: Failed to instantiate [org.apache.ibatis.session.SqlSessionFactory]: Factory method 'sqlSessionFactory' threw exception with message: Failed to parse mapping resource: 'file [E:\代码\EvaluationSystem\target\classes\mapper\AdminMapper.xml]'
2023-12-04 16:54:37.449 [restartedMain] WARN  org.mybatis.spring.mapper.ClassPathMapperScanner - No MyBatis mapper was found in '[com.evaluationSystem]' package. Please check your configuration.
2023-12-04 16:54:37.497 [restartedMain] WARN  org.thymeleaf.templatemode.TemplateMode - [THYMELEAF][restartedMain] Unknown Template Mode 'HTML5'. Must be one of: 'HTML', 'XML', 'TEXT', 'JAVASCRIPT', 'CSS', 'RAW'. Using default Template Mode 'HTML'.
2023-12-04 16:54:37.511 [restartedMain] WARN  o.s.b.w.s.c.AnnotationConfigServletWebServerApplicationContext - Exception encountered during context initialization - cancelling refresh attempt: org.springframework.beans.factory.BeanCreationException: Error creating bean with name 'sqlSessionFactory' defined in class path resource [com/baomidou/mybatisplus/autoconfigure/MybatisPlusAutoConfiguration.class]: Failed to instantiate [org.apache.ibatis.session.SqlSessionFactory]: Factory method 'sqlSessionFactory' threw exception with message: Failed to parse mapping resource: 'file [E:\代码\EvaluationSystem\target\classes\mapper\AdminMapper.xml]'
2023-12-04 16:54:58.360 [restartedMain] WARN  org.mybatis.spring.mapper.ClassPathMapperScanner - No MyBatis mapper was found in '[com.evaluationSystem]' package. Please check your configuration.
2023-12-04 16:54:58.409 [restartedMain] WARN  org.thymeleaf.templatemode.TemplateMode - [THYMELEAF][restartedMain] Unknown Template Mode 'HTML5'. Must be one of: 'HTML', 'XML', 'TEXT', 'JAVASCRIPT', 'CSS', 'RAW'. Using default Template Mode 'HTML'.
2023-12-04 16:54:58.426 [restartedMain] WARN  o.s.b.w.s.c.AnnotationConfigServletWebServerApplicationContext - Exception encountered during context initialization - cancelling refresh attempt: org.springframework.beans.factory.BeanCreationException: Error creating bean with name 'sqlSessionFactory' defined in class path resource [com/baomidou/mybatisplus/autoconfigure/MybatisPlusAutoConfiguration.class]: Failed to instantiate [org.apache.ibatis.session.SqlSessionFactory]: Factory method 'sqlSessionFactory' threw exception with message: Failed to parse mapping resource: 'file [E:\代码\EvaluationSystem\target\classes\mapper\AdminMapper.xml]'
2023-12-04 16:56:13.421 [restartedMain] WARN  org.mybatis.spring.mapper.ClassPathMapperScanner - No MyBatis mapper was found in '[com.evaluationSystem]' package. Please check your configuration.
2023-12-04 16:56:13.480 [restartedMain] WARN  org.thymeleaf.templatemode.TemplateMode - [THYMELEAF][restartedMain] Unknown Template Mode 'HTML5'. Must be one of: 'HTML', 'XML', 'TEXT', 'JAVASCRIPT', 'CSS', 'RAW'. Using default Template Mode 'HTML'.
2023-12-04 16:56:13.501 [restartedMain] WARN  o.s.b.w.s.c.AnnotationConfigServletWebServerApplicationContext - Exception encountered during context initialization - cancelling refresh attempt: org.springframework.beans.factory.BeanCreationException: Error creating bean with name 'sqlSessionFactory' defined in class path resource [com/baomidou/mybatisplus/autoconfigure/MybatisPlusAutoConfiguration.class]: Failed to instantiate [org.apache.ibatis.session.SqlSessionFactory]: Factory method 'sqlSessionFactory' threw exception with message: Failed to parse mapping resource: 'file [E:\代码\EvaluationSystem\target\classes\mapper\AdminMapper.xml]'
2023-12-04 16:56:20.133 [restartedMain] WARN  org.mybatis.spring.mapper.ClassPathMapperScanner - No MyBatis mapper was found in '[com.evaluationSystem]' package. Please check your configuration.
2023-12-04 16:56:20.189 [restartedMain] WARN  org.thymeleaf.templatemode.TemplateMode - [THYMELEAF][restartedMain] Unknown Template Mode 'HTML5'. Must be one of: 'HTML', 'XML', 'TEXT', 'JAVASCRIPT', 'CSS', 'RAW'. Using default Template Mode 'HTML'.
2023-12-04 16:56:20.204 [restartedMain] WARN  o.s.b.w.s.c.AnnotationConfigServletWebServerApplicationContext - Exception encountered during context initialization - cancelling refresh attempt: org.springframework.beans.factory.BeanCreationException: Error creating bean with name 'sqlSessionFactory' defined in class path resource [com/baomidou/mybatisplus/autoconfigure/MybatisPlusAutoConfiguration.class]: Failed to instantiate [org.apache.ibatis.session.SqlSessionFactory]: Factory method 'sqlSessionFactory' threw exception with message: Failed to parse mapping resource: 'file [E:\代码\EvaluationSystem\target\classes\mapper\AdminMapper.xml]'
2023-12-04 17:00:57.281 [restartedMain] WARN  org.mybatis.spring.mapper.ClassPathMapperScanner - No MyBatis mapper was found in '[com.evaluationSystem]' package. Please check your configuration.
2023-12-04 17:00:57.340 [restartedMain] WARN  org.thymeleaf.templatemode.TemplateMode - [THYMELEAF][restartedMain] Unknown Template Mode 'HTML5'. Must be one of: 'HTML', 'XML', 'TEXT', 'JAVASCRIPT', 'CSS', 'RAW'. Using default Template Mode 'HTML'.
2023-12-04 17:00:57.357 [restartedMain] WARN  o.s.b.w.s.c.AnnotationConfigServletWebServerApplicationContext - Exception encountered during context initialization - cancelling refresh attempt: org.springframework.beans.factory.BeanCreationException: Error creating bean with name 'sqlSessionFactory' defined in class path resource [com/baomidou/mybatisplus/autoconfigure/MybatisPlusAutoConfiguration.class]: Failed to instantiate [org.apache.ibatis.session.SqlSessionFactory]: Factory method 'sqlSessionFactory' threw exception with message: Failed to parse mapping resource: 'file [E:\代码\EvaluationSystem\target\classes\mapper\AdminMapper.xml]'
2023-12-04 17:01:00.914 [restartedMain] WARN  org.mybatis.spring.mapper.ClassPathMapperScanner - No MyBatis mapper was found in '[com.evaluationSystem]' package. Please check your configuration.
2023-12-04 17:01:00.980 [restartedMain] WARN  org.thymeleaf.templatemode.TemplateMode - [THYMELEAF][restartedMain] Unknown Template Mode 'HTML5'. Must be one of: 'HTML', 'XML', 'TEXT', 'JAVASCRIPT', 'CSS', 'RAW'. Using default Template Mode 'HTML'.
2023-12-04 17:01:00.995 [restartedMain] WARN  o.s.b.w.s.c.AnnotationConfigServletWebServerApplicationContext - Exception encountered during context initialization - cancelling refresh attempt: org.springframework.beans.factory.BeanCreationException: Error creating bean with name 'sqlSessionFactory' defined in class path resource [com/baomidou/mybatisplus/autoconfigure/MybatisPlusAutoConfiguration.class]: Failed to instantiate [org.apache.ibatis.session.SqlSessionFactory]: Factory method 'sqlSessionFactory' threw exception with message: Failed to parse mapping resource: 'file [E:\代码\EvaluationSystem\target\classes\mapper\AdminMapper.xml]'
2023-12-04 17:02:59.800 [restartedMain] WARN  org.mybatis.spring.mapper.ClassPathMapperScanner - No MyBatis mapper was found in '[com.evaluationSystem]' package. Please check your configuration.
2023-12-04 17:02:59.867 [restartedMain] WARN  org.thymeleaf.templatemode.TemplateMode - [THYMELEAF][restartedMain] Unknown Template Mode 'HTML5'. Must be one of: 'HTML', 'XML', 'TEXT', 'JAVASCRIPT', 'CSS', 'RAW'. Using default Template Mode 'HTML'.
2023-12-04 17:02:59.882 [restartedMain] WARN  o.s.b.w.s.c.AnnotationConfigServletWebServerApplicationContext - Exception encountered during context initialization - cancelling refresh attempt: org.springframework.beans.factory.BeanCreationException: Error creating bean with name 'sqlSessionFactory' defined in class path resource [com/baomidou/mybatisplus/autoconfigure/MybatisPlusAutoConfiguration.class]: Failed to instantiate [org.apache.ibatis.session.SqlSessionFactory]: Factory method 'sqlSessionFactory' threw exception with message: Failed to parse mapping resource: 'file [E:\代码\EvaluationSystem\target\classes\mapper\AdminMapper.xml]'
2023-12-04 17:03:04.934 [restartedMain] WARN  org.mybatis.spring.mapper.ClassPathMapperScanner - No MyBatis mapper was found in '[com.evaluationSystem]' package. Please check your configuration.
2023-12-04 17:03:04.964 [restartedMain] WARN  o.s.b.w.s.c.AnnotationConfigServletWebServerApplicationContext - Exception encountered during context initialization - cancelling refresh attempt: org.springframework.beans.factory.BeanCreationException: Error creating bean with name 'adminController': Injection of resource dependencies failed
2023-12-04 17:03:06.523 [restartedMain] WARN  org.mybatis.spring.mapper.ClassPathMapperScanner - No MyBatis mapper was found in '[com.evaluationSystem]' package. Please check your configuration.
2023-12-04 17:03:06.562 [restartedMain] WARN  o.s.b.w.s.c.AnnotationConfigServletWebServerApplicationContext - Exception encountered during context initialization - cancelling refresh attempt: org.springframework.beans.factory.BeanCreationException: Error creating bean with name 'adminController': Injection of resource dependencies failed
2023-12-04 17:10:54.457 [restartedMain] WARN  org.mybatis.spring.mapper.ClassPathMapperScanner - No MyBatis mapper was found in '[com.evaluationSystem]' package. Please check your configuration.
2023-12-04 17:10:54.490 [restartedMain] WARN  o.s.b.w.s.c.AnnotationConfigServletWebServerApplicationContext - Exception encountered during context initialization - cancelling refresh attempt: org.springframework.beans.factory.BeanCreationException: Error creating bean with name 'adminController': Injection of resource dependencies failed
2023-12-04 17:11:33.761 [restartedMain] WARN  org.mybatis.spring.mapper.ClassPathMapperScanner - No MyBatis mapper was found in '[com.evaluationSystem]' package. Please check your configuration.
2023-12-04 17:11:34.049 [restartedMain] WARN  o.s.b.w.s.c.AnnotationConfigServletWebServerApplicationContext - Exception encountered during context initialization - cancelling refresh attempt: org.springframework.beans.factory.BeanCreationException: Error creating bean with name 'adminController': Injection of resource dependencies failed
2023-12-04 17:12:20.967 [restartedMain] WARN  org.thymeleaf.templatemode.TemplateMode - [THYMELEAF][restartedMain] Unknown Template Mode 'HTML5'. Must be one of: 'HTML', 'XML', 'TEXT', 'JAVASCRIPT', 'CSS', 'RAW'. Using default Template Mode 'HTML'.
2023-12-04 17:13:55.940 [restartedMain] WARN  org.thymeleaf.templatemode.TemplateMode - [THYMELEAF][restartedMain] Unknown Template Mode 'HTML5'. Must be one of: 'HTML', 'XML', 'TEXT', 'JAVASCRIPT', 'CSS', 'RAW'. Using default Template Mode 'HTML'.
2023-12-04 17:15:19.696 [restartedMain] WARN  org.thymeleaf.templatemode.TemplateMode - [THYMELEAF][restartedMain] Unknown Template Mode 'HTML5'. Must be one of: 'HTML', 'XML', 'TEXT', 'JAVASCRIPT', 'CSS', 'RAW'. Using default Template Mode 'HTML'.
2023-12-04 17:17:02.974 [restartedMain] WARN  org.thymeleaf.templatemode.TemplateMode - [THYMELEAF][restartedMain] Unknown Template Mode 'HTML5'. Must be one of: 'HTML', 'XML', 'TEXT', 'JAVASCRIPT', 'CSS', 'RAW'. Using default Template Mode 'HTML'.
2023-12-04 17:17:31.609 [http-nio-8080-exec-1] WARN  o.s.w.s.m.support.DefaultHandlerExceptionResolver - Resolved [org.springframework.web.HttpRequestMethodNotSupportedException: Request method 'GET' is not supported]
2023-12-04 17:18:07.790 [restartedMain] WARN  org.thymeleaf.templatemode.TemplateMode - [THYMELEAF][restartedMain] Unknown Template Mode 'HTML5'. Must be one of: 'HTML', 'XML', 'TEXT', 'JAVASCRIPT', 'CSS', 'RAW'. Using default Template Mode 'HTML'.
2023-12-04 17:18:55.434 [restartedMain] WARN  org.thymeleaf.templatemode.TemplateMode - [THYMELEAF][restartedMain] Unknown Template Mode 'HTML5'. Must be one of: 'HTML', 'XML', 'TEXT', 'JAVASCRIPT', 'CSS', 'RAW'. Using default Template Mode 'HTML'.
2023-12-04 17:26:52.375 [restartedMain] WARN  org.thymeleaf.templatemode.TemplateMode - [THYMELEAF][restartedMain] Unknown Template Mode 'HTML5'. Must be one of: 'HTML', 'XML', 'TEXT', 'JAVASCRIPT', 'CSS', 'RAW'. Using default Template Mode 'HTML'.
2023-12-04 17:31:02.352 [restartedMain] WARN  org.thymeleaf.templatemode.TemplateMode - [THYMELEAF][restartedMain] Unknown Template Mode 'HTML5'. Must be one of: 'HTML', 'XML', 'TEXT', 'JAVASCRIPT', 'CSS', 'RAW'. Using default Template Mode 'HTML'.
2023-12-04 17:31:55.983 [restartedMain] WARN  org.thymeleaf.templatemode.TemplateMode - [THYMELEAF][restartedMain] Unknown Template Mode 'HTML5'. Must be one of: 'HTML', 'XML', 'TEXT', 'JAVASCRIPT', 'CSS', 'RAW'. Using default Template Mode 'HTML'.
2023-12-04 17:33:41.377 [restartedMain] WARN  org.thymeleaf.templatemode.TemplateMode - [THYMELEAF][restartedMain] Unknown Template Mode 'HTML5'. Must be one of: 'HTML', 'XML', 'TEXT', 'JAVASCRIPT', 'CSS', 'RAW'. Using default Template Mode 'HTML'.
2023-12-04 17:33:53.065 [http-nio-8080-exec-1] WARN  o.s.w.s.m.support.DefaultHandlerExceptionResolver - Resolved [org.springframework.web.HttpRequestMethodNotSupportedException: Request method 'GET' is not supported]
